<?xml version="1.0" encoding="UTF-8"?>
<!-- Generated by org.testng.reporters.JUnitXMLReporter -->
<testsuite ignored="2" hostname="15eg" failures="0" tests="1" name="Default test" time="4.627" errors="0" timestamp="2026-09-01T12:32:38 IST">
  <testcase classname="SeleniumWebDrivers.Browsers.LaunchWebDrivers" name="ChromeBrowser" time="4.571"/>
  <testcase classname="SeleniumWebDrivers.Browsers.LaunchWebDrivers" name="FirefoxBrowser" time="0.0">
    <ignored/>
  </testcase> <!-- FirefoxBrowser -->
  <testcase classname="SeleniumWebDrivers.Browsers.LaunchWebDrivers" name="EdgeBrowser" time="0.0">
    <ignored/>
  </testcase> <!-- EdgeBrowser -->
</testsuite> <!-- Default test -->
