<?xml version="1.0" encoding="UTF-8"?>
<testng-results ignored="0" total="3" passed="2" failed="1" skipped="0">
  <reporter-output>
  </reporter-output>
  <suite started-at="2026-09-10T12:26:27 IST" name="Default suite" finished-at="2026-09-10T12:26:40 IST" duration-ms="12600">
    <groups>
    </groups>
    <test started-at="2026-09-10T12:26:27 IST" name="Default test" finished-at="2026-09-10T12:26:40 IST" duration-ms="12600">
      <class name="dataprovider.DataProviderDemo">
        <test-method signature="Browser(java.lang.String,java.lang.String)[pri:0, instance:dataprovider.DataProviderDemo@4218d6a3]" started-at="2026-09-10T12:26:27 IST" name="Browser" data-provider="TestAutomation" finished-at="2026-09-10T12:26:32 IST" duration-ms="4947" status="PASS">
          <params>
            <param index="0">
              <value>
                <![CDATA[student]]>
              </value>
            </param>
            <param index="1">
              <value>
                <![CDATA[Password123]]>
              </value>
            </param>
          </params>
          <reporter-output>
          </reporter-output>
        </test-method> <!-- Browser -->
        <test-method is-config="true" signature="tearDown()[pri:0, instance:dataprovider.DataProviderDemo@4218d6a3]" started-at="2026-09-10T12:26:32 IST" name="tearDown" finished-at="2026-09-10T12:26:34 IST" duration-ms="1304" status="PASS">
          <reporter-output>
          </reporter-output>
        </test-method> <!-- tearDown -->
        <test-method signature="Browser(java.lang.String,java.lang.String)[pri:0, instance:dataprovider.DataProviderDemo@4218d6a3]" started-at="2026-09-10T12:26:34 IST" name="Browser" data-provider="TestAutomation" finished-at="2026-09-10T12:26:36 IST" duration-ms="2494" status="FAIL">
          <params>
            <param index="0">
              <value>
                <![CDATA[student]]>
              </value>
            </param>
            <param index="1">
              <value>
                <![CDATA[student]]>
              </value>
            </param>
          </params>
          <exception class="java.lang.AssertionError">
            <message>
              <![CDATA[Title Validation Failed! expected [Logged In Successfully | Practice Test Automation] but found [Test Login | Practice Test Automation]]]>
            </message>
            <full-stacktrace>
              <![CDATA[java.lang.AssertionError: Title Validation Failed! expected [Logged In Successfully | Practice Test Automation] but found [Test Login | Practice Test Automation]
at org.testng.Assert.fail(Assert.java:111)
at org.testng.Assert.failNotEquals(Assert.java:1590)
at org.testng.Assert.assertEqualsImpl(Assert.java:150)
at org.testng.Assert.assertEquals(Assert.java:132)
at org.testng.Assert.assertEquals(Assert.java:656)
at dataprovider.DataProviderDemo.Browser(DataProviderDemo.java:33)
at java.base/jdk.internal.reflect.DirectMethodHandleAccessor.invoke(DirectMethodHandleAccessor.java:103)
at java.base/java.lang.reflect.Method.invoke(Method.java:580)
at org.testng.internal.invokers.MethodInvocationHelper.invokeMethod(MethodInvocationHelper.java:141)
at org.testng.internal.invokers.TestInvoker.invokeMethod(TestInvoker.java:697)
at org.testng.internal.invokers.TestInvoker.invokeTestMethod(TestInvoker.java:230)
at org.testng.internal.invokers.MethodRunner.runInSequence(MethodRunner.java:63)
at org.testng.internal.invokers.TestInvoker$MethodInvocationAgent.invoke(TestInvoker.java:1005)
at org.testng.internal.invokers.TestInvoker.invokeTestMethods(TestInvoker.java:203)
at org.testng.internal.invokers.TestMethodWorker.invokeTestMethods(TestMethodWorker.java:154)
at org.testng.internal.invokers.TestMethodWorker.run(TestMethodWorker.java:134)
at java.base/java.util.ArrayList.forEach(ArrayList.java:1596)
at org.testng.TestRunner.privateRun(TestRunner.java:744)
at org.testng.TestRunner.run(TestRunner.java:616)
at org.testng.SuiteRunner.runTest(SuiteRunner.java:421)
at org.testng.SuiteRunner.runSequentially(SuiteRunner.java:413)
at org.testng.SuiteRunner.privateRun(SuiteRunner.java:373)
at org.testng.SuiteRunner.run(SuiteRunner.java:312)
at org.testng.SuiteRunnerWorker.runSuite(SuiteRunnerWorker.java:52)
at org.testng.SuiteRunnerWorker.run(SuiteRunnerWorker.java:95)
at org.testng.TestNG.runSuitesSequentially(TestNG.java:1274)
at org.testng.TestNG.runSuitesLocally(TestNG.java:1208)
at org.testng.TestNG.runSuites(TestNG.java:1112)
at org.testng.TestNG.run(TestNG.java:1079)
at org.testng.remote.AbstractRemoteTestNG.run(AbstractRemoteTestNG.java:115)
at org.testng.remote.RemoteTestNG.initAndRun(RemoteTestNG.java:293)
at org.testng.remote.RemoteTestNG.main(RemoteTestNG.java:91)
]]>
            </full-stacktrace>
          </exception> <!-- java.lang.AssertionError -->
          <reporter-output>
          </reporter-output>
        </test-method> <!-- Browser -->
        <test-method is-config="true" signature="tearDown()[pri:0, instance:dataprovider.DataProviderDemo@4218d6a3]" started-at="2026-09-10T12:26:36 IST" name="tearDown" finished-at="2026-09-10T12:26:36 IST" duration-ms="305" status="PASS">
          <reporter-output>
          </reporter-output>
        </test-method> <!-- tearDown -->
        <test-method signature="Browser(java.lang.String,java.lang.String)[pri:0, instance:dataprovider.DataProviderDemo@4218d6a3]" started-at="2026-09-10T12:26:36 IST" name="Browser" data-provider="TestAutomation" finished-at="2026-09-10T12:26:40 IST" duration-ms="3195" status="PASS">
          <params>
            <param index="0">
              <value>
                <![CDATA[student]]>
              </value>
            </param>
            <param index="1">
              <value>
                <![CDATA[Password123]]>
              </value>
            </param>
          </params>
          <reporter-output>
          </reporter-output>
        </test-method> <!-- Browser -->
        <test-method is-config="true" signature="tearDown()[pri:0, instance:dataprovider.DataProviderDemo@4218d6a3]" started-at="2026-09-10T12:26:40 IST" name="tearDown" finished-at="2026-09-10T12:26:40 IST" duration-ms="269" status="PASS">
          <reporter-output>
          </reporter-output>
        </test-method> <!-- tearDown -->
      </class> <!-- dataprovider.DataProviderDemo -->
    </test> <!-- Default test -->
  </suite> <!-- Default suite -->
</testng-results>
