<?xml version="1.0" encoding="UTF-8"?>
<!-- Generated by org.testng.reporters.JUnitReportReporter -->
<testsuite hostname="15eg" failures="0" tests="2" name="NavigationCommands.DriverNavigationComands" time="9.720" errors="0" timestamp="2026-09-07T13:14:32 IST" skipped="0">
  <testcase classname="NavigationCommands.DriverNavigationComands" name="NavigateDemo" time="5.838"/>
  <testcase classname="NavigationCommands.DriverNavigationComands" name="NavigateForward" time="3.882"/>
</testsuite> <!-- NavigationCommands.DriverNavigationComands -->
