<?xml version="1.0" encoding="UTF-8"?>
<testng-results ignored="0" total="1" passed="1" failed="0" skipped="0">
  <reporter-output>
  </reporter-output>
  <suite started-at="2026-09-11T22:39:59 IST" name="Default suite" finished-at="2026-09-11T22:40:18 IST" duration-ms="18195">
    <groups>
    </groups>
    <test started-at="2026-09-11T22:39:59 IST" name="Default test" finished-at="2026-09-11T22:40:18 IST" duration-ms="18195">
      <class name="listBoxItems.Dropdown">
        <test-method is-config="true" signature="setup()[pri:0, instance:listBoxItems.Dropdown@4afcd809]" started-at="2026-09-11T22:39:59 IST" name="setup" finished-at="2026-09-11T22:40:06 IST" duration-ms="6191" status="PASS">
          <reporter-output>
          </reporter-output>
        </test-method> <!-- setup -->
        <test-method signature="ChromeBrowserTest()[pri:0, instance:listBoxItems.Dropdown@4afcd809]" started-at="2026-09-11T22:40:06 IST" name="ChromeBrowserTest" finished-at="2026-09-11T22:40:17 IST" duration-ms="10760" status="PASS">
          <reporter-output>
          </reporter-output>
        </test-method> <!-- ChromeBrowserTest -->
        <test-method is-config="true" signature="tearDown()[pri:0, instance:listBoxItems.Dropdown@4afcd809]" started-at="2026-09-11T22:40:17 IST" name="tearDown" finished-at="2026-09-11T22:40:18 IST" duration-ms="794" status="PASS">
          <reporter-output>
          </reporter-output>
        </test-method> <!-- tearDown -->
      </class> <!-- listBoxItems.Dropdown -->
    </test> <!-- Default test -->
  </suite> <!-- Default suite -->
</testng-results>
