<?xml version="1.0" encoding="UTF-8"?>
<testng-results ignored="0" total="1" passed="1" failed="0" skipped="0">
  <reporter-output>
  </reporter-output>
  <suite started-at="2026-09-12T19:36:45 IST" name="Default suite" finished-at="2026-09-12T19:37:19 IST" duration-ms="34702">
    <groups>
    </groups>
    <test started-at="2026-09-12T19:36:45 IST" name="Default test" finished-at="2026-09-12T19:37:19 IST" duration-ms="34702">
      <class name="seleniumMultipleFrames.MultipleFrames">
        <test-method signature="Frames()[pri:0, instance:seleniumMultipleFrames.MultipleFrames@dc7df28]" started-at="2026-09-12T19:36:45 IST" name="Frames" finished-at="2026-09-12T19:37:19 IST" duration-ms="34556" status="PASS">
          <reporter-output>
          </reporter-output>
        </test-method> <!-- Frames -->
      </class> <!-- seleniumMultipleFrames.MultipleFrames -->
    </test> <!-- Default test -->
  </suite> <!-- Default suite -->
</testng-results>
