<?xml version="1.0" encoding="UTF-8"?>
<!-- Generated by org.testng.reporters.JUnitXMLReporter -->
<testsuite ignored="0" hostname="15eg" failures="0" tests="10" name="Default test" time="90.01" errors="0" timestamp="2026-09-08T07:58:41 IST">
  <testcase classname="webdrivercommands.BrowserCommands" name="ChromeBrowserTest" time="36.33"/>
  <testcase classname="webdrivercommands.BrowserCommands" name="FirefoxBrowserTest" time="14.083"/>
  <testcase classname="webdrivercommands.BrowserCommands" name="EdgeBrowserTest9" time="7.348"/>
  <testcase classname="webdrivercommands.BrowserCommands" name="EdgeBrowserTest1" time="3.276"/>
  <testcase classname="webdrivercommands.BrowserCommands" name="EdgeBrowserTest2" time="3.023"/>
  <testcase classname="webdrivercommands.BrowserCommands" name="EdgeBrowserTest3" time="5.197"/>
  <testcase classname="webdrivercommands.BrowserCommands" name="EdgeBrowserTest4" time="5.744"/>
  <testcase classname="webdrivercommands.BrowserCommands" name="EdgeBrowserTest" time="7.044"/>
  <testcase classname="webdrivercommands.BrowserCommands" name="EdgeBrowserTest5" time="4.445"/>
  <testcase classname="webdrivercommands.BrowserCommands" name="EdgeBrowserTest6" time="3.208"/>
</testsuite> <!-- Default test -->
