<?xml version="1.0" encoding="UTF-8"?>
<testng-results ignored="0" total="10" passed="10" failed="0" skipped="0">
  <reporter-output>
  </reporter-output>
  <suite started-at="2026-09-07T12:35:13 IST" name="Default suite" finished-at="2026-09-07T12:38:19 IST" duration-ms="186222">
    <groups>
    </groups>
    <test started-at="2026-09-07T12:35:13 IST" name="Default test" finished-at="2026-09-07T12:38:19 IST" duration-ms="186222">
      <class name="CICDJenkinsAlluri.WebDriverCommands">
        <test-method signature="ChromeBrowserTest()[pri:1, instance:CICDJenkinsAlluri.WebDriverCommands@6f15d60e]" started-at="2026-09-07T12:35:13 IST" name="ChromeBrowserTest" finished-at="2026-09-07T12:35:23 IST" duration-ms="9982" status="PASS">
          <reporter-output>
          </reporter-output>
        </test-method> <!-- ChromeBrowserTest -->
        <test-method signature="FirefoxBrowserTest()[pri:2, instance:CICDJenkinsAlluri.WebDriverCommands@6f15d60e]" started-at="2026-09-07T12:35:24 IST" name="FirefoxBrowserTest" finished-at="2026-09-07T12:37:32 IST" duration-ms="128625" status="PASS">
          <reporter-output>
          </reporter-output>
        </test-method> <!-- FirefoxBrowserTest -->
        <test-method signature="EdgeBrowserTest9()[pri:3, instance:CICDJenkinsAlluri.WebDriverCommands@6f15d60e]" started-at="2026-09-07T12:37:32 IST" name="EdgeBrowserTest9" finished-at="2026-09-07T12:37:40 IST" duration-ms="8082" status="PASS">
          <reporter-output>
          </reporter-output>
        </test-method> <!-- EdgeBrowserTest9 -->
        <test-method signature="EdgeBrowserTest1()[pri:4, instance:CICDJenkinsAlluri.WebDriverCommands@6f15d60e]" started-at="2026-09-07T12:37:40 IST" name="EdgeBrowserTest1" finished-at="2026-09-07T12:37:43 IST" duration-ms="3008" status="PASS">
          <reporter-output>
          </reporter-output>
        </test-method> <!-- EdgeBrowserTest1 -->
        <test-method signature="EdgeBrowserTest2()[pri:5, instance:CICDJenkinsAlluri.WebDriverCommands@6f15d60e]" started-at="2026-09-07T12:37:43 IST" name="EdgeBrowserTest2" finished-at="2026-09-07T12:37:47 IST" duration-ms="3921" status="PASS">
          <reporter-output>
          </reporter-output>
        </test-method> <!-- EdgeBrowserTest2 -->
        <test-method signature="EdgeBrowserTest3()[pri:6, instance:CICDJenkinsAlluri.WebDriverCommands@6f15d60e]" started-at="2026-09-07T12:37:47 IST" name="EdgeBrowserTest3" finished-at="2026-09-07T12:37:55 IST" duration-ms="7494" status="PASS">
          <reporter-output>
          </reporter-output>
        </test-method> <!-- EdgeBrowserTest3 -->
        <test-method signature="EdgeBrowserTest4()[pri:7, instance:CICDJenkinsAlluri.WebDriverCommands@6f15d60e]" started-at="2026-09-07T12:37:55 IST" name="EdgeBrowserTest4" finished-at="2026-09-07T12:38:03 IST" duration-ms="8406" status="PASS">
          <reporter-output>
          </reporter-output>
        </test-method> <!-- EdgeBrowserTest4 -->
        <test-method signature="EdgeBrowserTest()[pri:8, instance:CICDJenkinsAlluri.WebDriverCommands@6f15d60e]" started-at="2026-09-07T12:38:03 IST" name="EdgeBrowserTest" finished-at="2026-09-07T12:38:11 IST" duration-ms="7816" status="PASS">
          <reporter-output>
          </reporter-output>
        </test-method> <!-- EdgeBrowserTest -->
        <test-method signature="EdgeBrowserTest5()[pri:9, instance:CICDJenkinsAlluri.WebDriverCommands@6f15d60e]" started-at="2026-09-07T12:38:11 IST" name="EdgeBrowserTest5" finished-at="2026-09-07T12:38:16 IST" duration-ms="4425" status="PASS">
          <reporter-output>
          </reporter-output>
        </test-method> <!-- EdgeBrowserTest5 -->
        <test-method signature="EdgeBrowserTest6()[pri:10, instance:CICDJenkinsAlluri.WebDriverCommands@6f15d60e]" started-at="2026-09-07T12:38:16 IST" name="EdgeBrowserTest6" finished-at="2026-09-07T12:38:19 IST" duration-ms="3824" status="PASS">
          <reporter-output>
          </reporter-output>
        </test-method> <!-- EdgeBrowserTest6 -->
      </class> <!-- CICDJenkinsAlluri.WebDriverCommands -->
    </test> <!-- Default test -->
  </suite> <!-- Default suite -->
</testng-results>
