<?xml version="1.0" encoding="UTF-8"?>
<testng-results ignored="0" total="2" passed="2" failed="0" skipped="0">
  <reporter-output>
  </reporter-output>
  <suite started-at="2026-09-07T13:14:21 IST" name="Default suite" finished-at="2026-09-07T13:14:31 IST" duration-ms="9924">
    <groups>
    </groups>
    <test started-at="2026-09-07T13:14:21 IST" name="Default test" finished-at="2026-09-07T13:14:31 IST" duration-ms="9924">
      <class name="NavigationCommands.DriverNavigationComands">
        <test-method signature="NavigateDemo()[pri:0, instance:NavigationCommands.DriverNavigationComands@20b2475a]" started-at="2026-09-07T13:14:22 IST" name="NavigateDemo" finished-at="2026-09-07T13:14:27 IST" duration-ms="5838" status="PASS">
          <reporter-output>
          </reporter-output>
        </test-method> <!-- NavigateDemo -->
        <test-method signature="NavigateForward()[pri:3, instance:NavigationCommands.DriverNavigationComands@20b2475a]" started-at="2026-09-07T13:14:28 IST" name="NavigateForward" finished-at="2026-09-07T13:14:31 IST" duration-ms="3882" status="PASS">
          <reporter-output>
          </reporter-output>
        </test-method> <!-- NavigateForward -->
      </class> <!-- NavigationCommands.DriverNavigationComands -->
    </test> <!-- Default test -->
  </suite> <!-- Default suite -->
</testng-results>
