<?xml version="1.0" encoding="UTF-8"?>
<testng-results ignored="0" total="1" passed="1" failed="0" skipped="0">
  <reporter-output>
  </reporter-output>
  <suite started-at="2026-09-13T00:25:59 IST" name="Default suite" finished-at="2026-09-13T00:26:10 IST" duration-ms="10676">
    <groups>
    </groups>
    <test started-at="2026-09-13T00:25:59 IST" name="Default test" finished-at="2026-09-13T00:26:10 IST" duration-ms="10676">
      <class name="com.EasyCal.TestCases.LoginEasyCalculation">
        <test-method is-config="true" signature="SetUp()[pri:0, instance:com.EasyCal.TestCases.LoginEasyCalculation@1df8da7a]" started-at="2026-09-13T00:25:58 IST" name="SetUp" finished-at="2026-09-13T00:25:59 IST" duration-ms="495" status="PASS">
          <reporter-output>
          </reporter-output>
        </test-method> <!-- SetUp -->
        <test-method is-config="true" signature="BrowserTest()[pri:0, instance:com.EasyCal.TestCases.LoginEasyCalculation@1df8da7a]" started-at="2026-09-13T00:25:59 IST" name="BrowserTest" finished-at="2026-09-13T00:26:03 IST" duration-ms="4036" status="PASS">
          <reporter-output>
          </reporter-output>
        </test-method> <!-- BrowserTest -->
        <test-method signature="loginApp()[pri:0, instance:com.EasyCal.TestCases.LoginEasyCalculation@1df8da7a]" started-at="2026-09-13T00:26:03 IST" name="loginApp" finished-at="2026-09-13T00:26:09 IST" duration-ms="6101" status="PASS">
          <reporter-output>
          </reporter-output>
        </test-method> <!-- loginApp -->
        <test-method is-config="true" signature="tearDownMethod(org.testng.ITestResult)[pri:0, instance:com.EasyCal.TestCases.LoginEasyCalculation@1df8da7a]" started-at="2026-09-13T00:26:09 IST" name="tearDownMethod" finished-at="2026-09-13T00:26:09 IST" duration-ms="3" status="PASS">
          <params>
            <param index="0">
              <value>
                <![CDATA[[TestResult name=loginApp status=SUCCESS method=LoginEasyCalculation.loginApp()[pri:0, instance:com.EasyCal.TestCases.LoginEasyCalculation@1df8da7a] output={null}]]]>
              </value>
            </param>
          </params>
          <reporter-output>
          </reporter-output>
        </test-method> <!-- tearDownMethod -->
        <test-method is-config="true" signature="teardown()[pri:0, instance:com.EasyCal.TestCases.LoginEasyCalculation@1df8da7a]" started-at="2026-09-13T00:26:09 IST" name="teardown" finished-at="2026-09-13T00:26:10 IST" duration-ms="380" status="PASS">
          <reporter-output>
          </reporter-output>
        </test-method> <!-- teardown -->
      </class> <!-- com.EasyCal.TestCases.LoginEasyCalculation -->
    </test> <!-- Default test -->
  </suite> <!-- Default suite -->
</testng-results>
