<?xml version="1.0" encoding="UTF-8"?>
<!-- Generated by org.testng.reporters.JUnitReportReporter -->
<testsuite hostname="15eg" failures="0" tests="3" name="Postrequest.CompleteAPITest" time="4.447" errors="0" timestamp="2026-09-17T12:33:54 IST" skipped="0">
  <testcase classname="Postrequest.CompleteAPITest" name="testTraditionalApproach" time="2.779"/>
  <testcase classname="Postrequest.CompleteAPITest" name="testBDDApproach" time="1.377"/>
  <testcase classname="Postrequest.CompleteAPITest" name="testBDDApproachWithExtraction" time="0.291"/>
</testsuite> <!-- Postrequest.CompleteAPITest -->
