<?xml version="1.0" encoding="UTF-8"?>
<testng-results ignored="0" total="1" passed="1" failed="0" skipped="0">
  <reporter-output>
  </reporter-output>
  <suite started-at="2026-09-13T00:57:08 IST" name="Default suite" finished-at="2026-09-13T00:57:09 IST" duration-ms="976">
    <groups>
    </groups>
    <test started-at="2026-09-13T00:57:08 IST" name="Default test" finished-at="2026-09-13T00:57:09 IST" duration-ms="976">
      <class name="com.JDBC.Connection.DatabaseTesting">
        <test-method signature="establishDatabaseConnection()[pri:0, instance:com.JDBC.Connection.DatabaseTesting@1500b2f3]" started-at="2026-09-13T00:57:08 IST" name="establishDatabaseConnection" finished-at="2026-09-13T00:57:08 IST" duration-ms="800" status="PASS">
          <reporter-output>
          </reporter-output>
        </test-method> <!-- establishDatabaseConnection -->
      </class> <!-- com.JDBC.Connection.DatabaseTesting -->
    </test> <!-- Default test -->
  </suite> <!-- Default suite -->
</testng-results>
