<?xml version="1.0" encoding="UTF-8"?>
<testng-results ignored="0" total="1" passed="1" failed="0" skipped="0">
  <reporter-output>
  </reporter-output>
  <suite started-at="2026-09-17T12:35:37 IST" name="Default suite" finished-at="2026-09-17T12:35:41 IST" duration-ms="4544">
    <groups>
    </groups>
    <test started-at="2026-09-17T12:35:37 IST" name="Default test" finished-at="2026-09-17T12:35:41 IST" duration-ms="4544">
      <class name="Assertions.TraditionalRestAssuredTest">
        <test-method is-config="true" signature="setup()[pri:0, instance:Assertions.TraditionalRestAssuredTest@3cd3e762]" started-at="2026-09-17T12:35:37 IST" name="setup" finished-at="2026-09-17T12:35:37 IST" duration-ms="769" status="PASS">
          <reporter-output>
          </reporter-output>
        </test-method> <!-- setup -->
        <test-method signature="testPostRequestTraditional()[pri:0, instance:Assertions.TraditionalRestAssuredTest@3cd3e762]" started-at="2026-09-17T12:35:37 IST" name="testPostRequestTraditional" finished-at="2026-09-17T12:35:41 IST" duration-ms="3679" status="PASS">
          <reporter-output>
          </reporter-output>
        </test-method> <!-- testPostRequestTraditional -->
      </class> <!-- Assertions.TraditionalRestAssuredTest -->
    </test> <!-- Default test -->
  </suite> <!-- Default suite -->
</testng-results>
