<?xml version="1.0" encoding="UTF-8"?>
<testng-results ignored="0" total="1" passed="1" failed="0" skipped="0">
  <reporter-output>
  </reporter-output>
  <suite started-at="2026-09-10T12:01:48 IST" name="Default suite" finished-at="2026-09-10T12:01:56 IST" duration-ms="7549">
    <groups>
    </groups>
    <test started-at="2026-09-10T12:01:48 IST" name="Default test" finished-at="2026-09-10T12:01:56 IST" duration-ms="7549">
      <class name="library.Screenshot1">
        <test-method signature="browser()[pri:0, instance:library.Screenshot1@35d019a3]" started-at="2026-09-10T12:01:48 IST" name="browser" finished-at="2026-09-10T12:01:56 IST" duration-ms="7504" status="PASS">
          <reporter-output>
          </reporter-output>
        </test-method> <!-- browser -->
      </class> <!-- library.Screenshot1 -->
    </test> <!-- Default test -->
  </suite> <!-- Default suite -->
</testng-results>
