<?xml version="1.0" encoding="UTF-8"?>
<!-- Generated by org.testng.reporters.JUnitXMLReporter -->
<testsuite ignored="0" hostname="15eg" failures="0" tests="10" name="Default test" time="186.222" errors="0" timestamp="2026-09-07T12:38:20 IST">
  <testcase classname="CICDJenkinsAlluri.WebDriverCommands" name="ChromeBrowserTest" time="9.982"/>
  <testcase classname="CICDJenkinsAlluri.WebDriverCommands" name="FirefoxBrowserTest" time="128.625"/>
  <testcase classname="CICDJenkinsAlluri.WebDriverCommands" name="EdgeBrowserTest9" time="8.082"/>
  <testcase classname="CICDJenkinsAlluri.WebDriverCommands" name="EdgeBrowserTest1" time="3.008"/>
  <testcase classname="CICDJenkinsAlluri.WebDriverCommands" name="EdgeBrowserTest2" time="3.921"/>
  <testcase classname="CICDJenkinsAlluri.WebDriverCommands" name="EdgeBrowserTest3" time="7.494"/>
  <testcase classname="CICDJenkinsAlluri.WebDriverCommands" name="EdgeBrowserTest4" time="8.406"/>
  <testcase classname="CICDJenkinsAlluri.WebDriverCommands" name="EdgeBrowserTest" time="7.816"/>
  <testcase classname="CICDJenkinsAlluri.WebDriverCommands" name="EdgeBrowserTest5" time="4.425"/>
  <testcase classname="CICDJenkinsAlluri.WebDriverCommands" name="EdgeBrowserTest6" time="3.824"/>
</testsuite> <!-- Default test -->
