<?xml version="1.0" encoding="UTF-8"?>
<testng-results ignored="0" total="1" passed="1" failed="0" skipped="0">
  <reporter-output>
  </reporter-output>
  <suite started-at="2026-09-11T06:57:13 IST" name="Default suite" finished-at="2026-09-11T06:57:44 IST" duration-ms="31675">
    <groups>
    </groups>
    <test started-at="2026-09-11T06:57:13 IST" name="Default test" finished-at="2026-09-11T06:57:44 IST" duration-ms="31675">
      <class name="SeleniumWebDriver.Locators.ClassNameTestDemo">
        <test-method signature="TestDemo()[pri:0, instance:SeleniumWebDriver.Locators.ClassNameTestDemo@20b2475a]" started-at="2026-09-11T06:57:13 IST" name="TestDemo" finished-at="2026-09-11T06:57:44 IST" duration-ms="31550" status="PASS">
          <reporter-output>
          </reporter-output>
        </test-method> <!-- TestDemo -->
      </class> <!-- SeleniumWebDriver.Locators.ClassNameTestDemo -->
    </test> <!-- Default test -->
  </suite> <!-- Default suite -->
</testng-results>
