<?xml version="1.0" encoding="UTF-8"?>
<testng-results ignored="0" total="1" passed="1" failed="0" skipped="0">
  <reporter-output>
  </reporter-output>
  <suite started-at="2026-09-12T19:43:22 IST" name="Default suite" finished-at="2026-09-12T19:43:27 IST" duration-ms="5586">
    <groups>
    </groups>
    <test started-at="2026-09-12T19:43:22 IST" name="Default test" finished-at="2026-09-12T19:43:27 IST" duration-ms="5586">
      <class name="radioButtons.RadioButtonsDemo2">
        <test-method signature="TestDemo()[pri:0, instance:radioButtons.RadioButtonsDemo2@2a3b5b47]" started-at="2026-09-12T19:43:22 IST" name="TestDemo" finished-at="2026-09-12T19:43:27 IST" duration-ms="5542" status="PASS">
          <reporter-output>
          </reporter-output>
        </test-method> <!-- TestDemo -->
      </class> <!-- radioButtons.RadioButtonsDemo2 -->
    </test> <!-- Default test -->
  </suite> <!-- Default suite -->
</testng-results>
