<?xml version="1.0" encoding="UTF-8"?>
<testng-results ignored="0" total="1" passed="1" failed="0" skipped="0">
  <reporter-output>
  </reporter-output>
  <suite started-at="2026-09-12T22:22:20 IST" name="Default suite" finished-at="2026-09-12T22:22:25 IST" duration-ms="5489">
    <groups>
    </groups>
    <test started-at="2026-09-12T22:22:20 IST" name="Default test" finished-at="2026-09-12T22:22:25 IST" duration-ms="5489">
      <class name="pageobjectmodel.jotform.TestCases">
        <test-method signature="TestValidLogin()[pri:0, instance:pageobjectmodel.jotform.TestCases@6f43c82]" started-at="2026-09-12T22:22:20 IST" name="TestValidLogin" finished-at="2026-09-12T22:22:25 IST" duration-ms="5389" status="PASS">
          <reporter-output>
          </reporter-output>
        </test-method> <!-- TestValidLogin -->
      </class> <!-- pageobjectmodel.jotform.TestCases -->
    </test> <!-- Default test -->
  </suite> <!-- Default suite -->
</testng-results>
