<?xml version="1.0" encoding="UTF-8"?>
<testng-results ignored="0" total="1" passed="1" failed="0" skipped="0">
  <reporter-output>
  </reporter-output>
  <suite started-at="2026-09-09T10:23:24 IST" name="Default suite" finished-at="2026-09-09T10:23:51 IST" duration-ms="27221">
    <groups>
    </groups>
    <test started-at="2026-09-09T10:23:24 IST" name="Default test" finished-at="2026-09-09T10:23:51 IST" duration-ms="27221">
      <class name="dataDrivenTestingCsvFile.CsvFileReading">
        <test-method is-config="true" signature="setup()[pri:0, instance:dataDrivenTestingCsvFile.CsvFileReading@f68f0dc]" started-at="2026-09-09T10:23:24 IST" name="setup" finished-at="2026-09-09T10:23:28 IST" duration-ms="3817" status="PASS">
          <reporter-output>
          </reporter-output>
        </test-method> <!-- setup -->
        <test-method signature="DDTestingBlog()[pri:0, instance:dataDrivenTestingCsvFile.CsvFileReading@f68f0dc]" started-at="2026-09-09T10:23:28 IST" name="DDTestingBlog" finished-at="2026-09-09T10:23:50 IST" duration-ms="22655" status="PASS">
          <reporter-output>
          </reporter-output>
        </test-method> <!-- DDTestingBlog -->
        <test-method is-config="true" signature="tearDown()[pri:0, instance:dataDrivenTestingCsvFile.CsvFileReading@f68f0dc]" started-at="2026-09-09T10:23:51 IST" name="tearDown" finished-at="2026-09-09T10:23:51 IST" duration-ms="418" status="PASS">
          <reporter-output>
          </reporter-output>
        </test-method> <!-- tearDown -->
      </class> <!-- dataDrivenTestingCsvFile.CsvFileReading -->
    </test> <!-- Default test -->
  </suite> <!-- Default suite -->
</testng-results>
