<?xml version="1.0" encoding="UTF-8"?>
<testng-results ignored="2" total="3" passed="1" failed="0" skipped="0">
  <reporter-output>
  </reporter-output>
  <suite started-at="2026-09-01T12:32:33 IST" name="Default suite" finished-at="2026-09-01T12:32:38 IST" duration-ms="4627">
    <groups>
    </groups>
    <test started-at="2026-09-01T12:32:33 IST" name="Default test" finished-at="2026-09-01T12:32:38 IST" duration-ms="4627">
      <class name="SeleniumWebDrivers.Browsers.LaunchWebDrivers">
        <test-method signature="ChromeBrowser()[pri:0, instance:SeleniumWebDrivers.Browsers.LaunchWebDrivers@35d019a3]" started-at="2026-09-01T12:32:33 IST" name="ChromeBrowser" finished-at="2026-09-01T12:32:38 IST" duration-ms="4571" status="PASS">
          <reporter-output>
          </reporter-output>
        </test-method> <!-- ChromeBrowser -->
      </class> <!-- SeleniumWebDrivers.Browsers.LaunchWebDrivers -->
    </test> <!-- Default test -->
  </suite> <!-- Default suite -->
</testng-results>
